0 info it worked if it ends with ok
1 verbose cli [ '/usr/local/bin/node',
1 verbose cli   '/usr/local/bin/npm',
1 verbose cli   'install',
1 verbose cli   'bootbox' ]
2 info using npm@2.11.3
3 info using node@v0.12.7
4 verbose install initial load of /var/www/html/laravelProject/phpTask/package.json
5 verbose readDependencies loading dependencies from /var/www/html/laravelProject/phpTask/package.json
6 silly cache add args [ 'bootbox', null ]
7 verbose cache add spec bootbox
8 silly cache add parsed spec { raw: 'bootbox',
8 silly cache add   scope: null,
8 silly cache add   name: 'bootbox',
8 silly cache add   rawSpec: '',
8 silly cache add   spec: '*',
8 silly cache add   type: 'range' }
9 silly addNamed bootbox@*
10 verbose addNamed "*" is a valid semver range for bootbox
11 silly addNameRange { name: 'bootbox', range: '*', hasData: false }
12 silly mapToRegistry name bootbox
13 silly mapToRegistry using default registry
14 silly mapToRegistry registry https://registry.npmjs.org/
15 silly mapToRegistry uri https://registry.npmjs.org/bootbox
16 verbose addNameRange registry:https://registry.npmjs.org/bootbox not in flight; fetching
17 verbose request uri https://registry.npmjs.org/bootbox
18 verbose request no auth needed
19 info attempt registry request try #1 at 1:32:49 PM
20 verbose request id 882505849c5c9169
21 verbose etag "EDG65UZCMUE96EOY77A2CR69B"
22 http request GET https://registry.npmjs.org/bootbox
23 http 304 https://registry.npmjs.org/bootbox
24 silly get cb [ 304,
24 silly get   { date: 'Thu, 31 Mar 2016 08:32:50 GMT',
24 silly get     via: '1.1 varnish',
24 silly get     'cache-control': 'max-age=300',
24 silly get     etag: '"EDG65UZCMUE96EOY77A2CR69B"',
24 silly get     age: '53',
24 silly get     connection: 'keep-alive',
24 silly get     'x-served-by': 'cache-fra1239-FRA',
24 silly get     'x-cache': 'HIT',
24 silly get     'x-cache-hits': '2',
24 silly get     'x-timer': 'S1459413170.945179,VS0,VE0',
24 silly get     vary: 'Accept' } ]
25 verbose etag https://registry.npmjs.org/bootbox from cache
26 verbose get saving bootbox to /home/goodlogics/.npm/registry.npmjs.org/bootbox/.cache.json
27 silly addNameRange number 2 { name: 'bootbox', range: '*', hasData: true }
28 silly addNameRange versions [ 'bootbox', [ '3.2.0', '4.3.0', '4.4.0' ] ]
29 silly addNamed bootbox@4.4.0
30 verbose addNamed "4.4.0" is a plain semver version for bootbox
31 silly cache afterAdd bootbox@4.4.0
32 verbose afterAdd /home/goodlogics/.npm/bootbox/4.4.0/package/package.json not in flight; writing
33 verbose afterAdd /home/goodlogics/.npm/bootbox/4.4.0/package/package.json written
34 silly install resolved [ { name: 'bootbox',
34 silly install resolved     version: '4.4.0',
34 silly install resolved     description: 'Wrappers for JavaScript alert(), confirm() and other flexible dialogs using the Bootstrap framework',
34 silly install resolved     directories: { test: 'tests' },
34 silly install resolved     scripts: { test: 'karma start' },
34 silly install resolved     repository: { type: 'git', url: 'git://github.com/makeusabrew/bootbox.git' },
34 silly install resolved     author: { name: 'Nick Payne', email: 'nick@kurai.co.uk' },
34 silly install resolved     license: 'MIT',
34 silly install resolved     main: 'bootbox.js',
34 silly install resolved     devDependencies:
34 silly install resolved      { 'grunt-contrib-uglify': '~0.2.2',
34 silly install resolved        grunt: '~0.4.1',
34 silly install resolved        karma: '~0.10.1',
34 silly install resolved        'grunt-contrib-jshint': '~0.6.3',
34 silly install resolved        'karma-mocha': '0.1.3',
34 silly install resolved        'karma-phantomjs-launcher': '~0.1.0',
34 silly install resolved        mocha: '~1.12.0',
34 silly install resolved        'karma-coffee-preprocessor': '~0.1.0',
34 silly install resolved        'karma-coverage': '~0.1.0',
34 silly install resolved        'karma-junit-reporter': '~0.1.0',
34 silly install resolved        sinon: '~1.7.3',
34 silly install resolved        'sinon-chai': '~2.4.0',
34 silly install resolved        'karma-chai': '0.0.1',
34 silly install resolved        'grunt-karma': '~0.6.2' },
34 silly install resolved     bugs: { url: 'https://github.com/makeusabrew/bootbox/issues' },
34 silly install resolved     homepage: 'https://github.com/makeusabrew/bootbox',
34 silly install resolved     _id: 'bootbox@4.4.0',
34 silly install resolved     _shasum: 'ff7f898fb87d4527e547feb64158f88450d1a0c9',
34 silly install resolved     _from: 'bootbox@*',
34 silly install resolved     _npmVersion: '1.4.9',
34 silly install resolved     _npmUser: { name: 'makeusabrew', email: 'nick@kurai.co.uk' },
34 silly install resolved     maintainers: [ [Object], [Object] ],
34 silly install resolved     dist:
34 silly install resolved      { shasum: 'ff7f898fb87d4527e547feb64158f88450d1a0c9',
34 silly install resolved        tarball: 'https://registry.npmjs.org/bootbox/-/bootbox-4.4.0.tgz' },
34 silly install resolved     _resolved: 'https://registry.npmjs.org/bootbox/-/bootbox-4.4.0.tgz',
34 silly install resolved     readme: 'ERROR: No README data found!' } ]
35 info install bootbox@4.4.0 into /var/www/html/laravelProject/phpTask
36 info installOne bootbox@4.4.0
37 verbose installOne of bootbox to /var/www/html/laravelProject/phpTask not in flight; installing
38 warn locking Error: EACCES, open '/home/goodlogics/.npm/_locks/bootbox-133a0827f990c344.lock'
38 warn locking     at Error (native)
38 warn locking  /home/goodlogics/.npm/_locks/bootbox-133a0827f990c344.lock failed { [Error: EACCES, open '/home/goodlogics/.npm/_locks/bootbox-133a0827f990c344.lock']
38 warn locking   errno: -13,
38 warn locking   code: 'EACCES',
38 warn locking   path: '/home/goodlogics/.npm/_locks/bootbox-133a0827f990c344.lock' }
39 verbose stack Error: Attempt to unlock /var/www/html/laravelProject/phpTask/node_modules/bootbox, which hasn't been locked
39 verbose stack     at unlock (/usr/local/lib/node_modules/npm/lib/utils/locker.js:66:11)
39 verbose stack     at cb (/usr/local/lib/node_modules/npm/lib/install.js:1017:5)
39 verbose stack     at /usr/local/lib/node_modules/npm/lib/install.js:1021:20
39 verbose stack     at /usr/local/lib/node_modules/npm/lib/utils/locker.js:40:9
39 verbose stack     at cb (/usr/local/lib/node_modules/npm/node_modules/lockfile/lockfile.js:149:38)
39 verbose stack     at /usr/local/lib/node_modules/npm/node_modules/lockfile/lockfile.js:177:38
39 verbose stack     at FSReqWrap.oncomplete (fs.js:95:15)
40 verbose cwd /var/www/html/laravelProject/phpTask
41 error Linux 3.13.0-59-generic
42 error argv "/usr/local/bin/node" "/usr/local/bin/npm" "install" "bootbox"
43 error node v0.12.7
44 error npm  v2.11.3
45 error Attempt to unlock /var/www/html/laravelProject/phpTask/node_modules/bootbox, which hasn't been locked
46 error If you need help, you may report this error at:
46 error     <https://github.com/npm/npm/issues>
47 verbose exit [ 1, true ]
